<?xml version="1.0" encoding="UTF-8"?>
<testsuite name="HotelReservationSystemTest" tests="1" skipped="0" failures="0" errors="0" timestamp="2021-05-21T04:23:04" hostname="DESKTOP-3B5OBH7" time="0.037">
  <properties/>
  <testcase name="givenhotel_added_the_Hotel_details()" classname="HotelReservationSystemTest" time="0.037"/>
  <system-out><![CDATA[]]></system-out>
  <system-err><![CDATA[]]></system-err>
</testsuite>
